<?xml version="1.0" encoding="UTF-8"?>
<!-- Generated by org.testng.reporters.JUnitXMLReporter -->
<testsuite ignored="0" hostname="LAPTOP-QUPBKNUO" failures="0" tests="3" name="Default test" time="35.992" errors="0" timestamp="13 Sep 2020 09:53:58 GMT">
  <testcase classname="com.assignment.test.endToEndScenarios.EndToEndTestCase" name="testPhase1" time="22.032"/>
  <testcase classname="com.assignment.test.endToEndScenarios.EndToEndTestCase" name="testPhase2" time="4.422"/>
  <testcase classname="com.assignment.test.endToEndScenarios.EndToEndTestCase" name="testPhase3" time="4.135"/>
</testsuite> <!-- Default test -->
