<?xml version="1.0" encoding="UTF-8"?>
<!-- Generated by org.testng.reporters.JUnitXMLReporter -->
<testsuite ignored="0" hostname="LAPTOP-QUPBKNUO" failures="1" tests="1" name="Default test" time="2.911" errors="0" timestamp="2020-09-13T17:36:27 IST">
  <testcase classname="com.assignment.test.endToEndScenarios.EndToEndTestCase" name="testPhase3" time="0.954">
    <failure type="org.apache.poi.ss.formula.FormulaParseException" message="Specified named range &amp;apos;Fal&amp;apos; does not exist in the current workbook.">
      <![CDATA[org.apache.poi.ss.formula.FormulaParseException: Specified named range 'Fal' does not exist in the current workbook.
at org.apache.poi.ss.formula.FormulaParser.parseNonRange(FormulaParser.java:906)
at org.apache.poi.ss.formula.FormulaParser.parseRangeable(FormulaParser.java:582)
at org.apache.poi.ss.formula.FormulaParser.parseRangeExpression(FormulaParser.java:321)
at org.apache.poi.ss.formula.FormulaParser.parseSimpleFactor(FormulaParser.java:1536)
at org.apache.poi.ss.formula.FormulaParser.percentFactor(FormulaParser.java:1494)
at org.apache.poi.ss.formula.FormulaParser.powerFactor(FormulaParser.java:1481)
at org.apache.poi.ss.formula.FormulaParser.Term(FormulaParser.java:1855)
at org.apache.poi.ss.formula.FormulaParser.additiveExpression(FormulaParser.java:1983)
at org.apache.poi.ss.formula.FormulaParser.concatExpression(FormulaParser.java:1967)
at org.apache.poi.ss.formula.FormulaParser.comparisonExpression(FormulaParser.java:1924)
at org.apache.poi.ss.formula.FormulaParser.Arguments(FormulaParser.java:1467)
at org.apache.poi.ss.formula.FormulaParser.function(FormulaParser.java:1339)
at org.apache.poi.ss.formula.FormulaParser.parseNonRange(FormulaParser.java:892)
at org.apache.poi.ss.formula.FormulaParser.parseRangeable(FormulaParser.java:582)
at org.apache.poi.ss.formula.FormulaParser.parseRangeExpression(FormulaParser.java:321)
at org.apache.poi.ss.formula.FormulaParser.parseSimpleFactor(FormulaParser.java:1536)
at org.apache.poi.ss.formula.FormulaParser.percentFactor(FormulaParser.java:1494)
at org.apache.poi.ss.formula.FormulaParser.powerFactor(FormulaParser.java:1481)
at org.apache.poi.ss.formula.FormulaParser.Term(FormulaParser.java:1855)
at org.apache.poi.ss.formula.FormulaParser.additiveExpression(FormulaParser.java:1983)
at org.apache.poi.ss.formula.FormulaParser.concatExpression(FormulaParser.java:1967)
at org.apache.poi.ss.formula.FormulaParser.comparisonExpression(FormulaParser.java:1924)
at org.apache.poi.ss.formula.FormulaParser.intersectionExpression(FormulaParser.java:1897)
at org.apache.poi.ss.formula.FormulaParser.unionExpression(FormulaParser.java:1877)
at org.apache.poi.ss.formula.FormulaParser.parse(FormulaParser.java:2025)
at org.apache.poi.ss.formula.FormulaParser.parse(FormulaParser.java:170)
at org.apache.poi.xssf.usermodel.XSSFEvaluationWorkbook.getFormulaTokens(XSSFEvaluationWorkbook.java:85)
at org.apache.poi.ss.formula.WorkbookEvaluator.evaluateAny(WorkbookEvaluator.java:271)
at org.apache.poi.ss.formula.WorkbookEvaluator.evaluate(WorkbookEvaluator.java:216)
at org.apache.poi.xssf.usermodel.BaseXSSFFormulaEvaluator.evaluateFormulaCellValue(BaseXSSFFormulaEvaluator.java:56)
at org.apache.poi.ss.formula.BaseFormulaEvaluator.evaluateFormulaCell(BaseFormulaEvaluator.java:185)
at com.assignment.utils.DataIO.reEvaluateExcelFormulas(DataIO.java:216)
at com.assignment.actions.temperatureValidate.WeatherPageActions.temperatureComparatorLogic(WeatherPageActions.java:83)
at com.assignment.test.endToEndScenarios.EndToEndTestCase.testPhase3(EndToEndTestCase.java:51)
at java.base/jdk.internal.reflect.NativeMethodAccessorImpl.invoke0(Native Method)
at java.base/jdk.internal.reflect.NativeMethodAccessorImpl.invoke(NativeMethodAccessorImpl.java:62)
at java.base/jdk.internal.reflect.DelegatingMethodAccessorImpl.invoke(DelegatingMethodAccessorImpl.java:43)
at java.base/java.lang.reflect.Method.invoke(Method.java:566)
at org.testng.internal.MethodInvocationHelper.invokeMethod(MethodInvocationHelper.java:133)
at org.testng.internal.TestInvoker.invokeMethod(TestInvoker.java:584)
at org.testng.internal.TestInvoker.invokeTestMethod(TestInvoker.java:172)
at org.testng.internal.MethodRunner.runInSequence(MethodRunner.java:46)
at org.testng.internal.TestInvoker$MethodInvocationAgent.invoke(TestInvoker.java:804)
at org.testng.internal.TestInvoker.invokeTestMethods(TestInvoker.java:145)
at org.testng.internal.TestMethodWorker.invokeTestMethods(TestMethodWorker.java:146)
at org.testng.internal.TestMethodWorker.run(TestMethodWorker.java:128)
at java.base/java.util.ArrayList.forEach(ArrayList.java:1541)
at org.testng.TestRunner.privateRun(TestRunner.java:770)
at org.testng.TestRunner.run(TestRunner.java:591)
at org.testng.SuiteRunner.runTest(SuiteRunner.java:402)
at org.testng.SuiteRunner.runSequentially(SuiteRunner.java:396)
at org.testng.SuiteRunner.privateRun(SuiteRunner.java:355)
at org.testng.SuiteRunner.run(SuiteRunner.java:304)
at org.testng.SuiteRunnerWorker.runSuite(SuiteRunnerWorker.java:53)
at org.testng.SuiteRunnerWorker.run(SuiteRunnerWorker.java:96)
at org.testng.TestNG.runSuitesSequentially(TestNG.java:1180)
at org.testng.TestNG.runSuitesLocally(TestNG.java:1102)
at org.testng.TestNG.runSuites(TestNG.java:1032)
at org.testng.TestNG.run(TestNG.java:1000)
at org.testng.remote.AbstractRemoteTestNG.run(AbstractRemoteTestNG.java:115)
at org.testng.remote.RemoteTestNG.initAndRun(RemoteTestNG.java:251)
at org.testng.remote.RemoteTestNG.main(RemoteTestNG.java:77)
]]>
    </failure>
  </testcase> <!-- testPhase3 -->
</testsuite> <!-- Default test -->
