<?xml version="1.0" encoding="UTF-8"?>
<!-- Generated by org.testng.reporters.JUnitXMLReporter -->
<testsuite ignored="0" hostname="LAPTOP-QUPBKNUO" failures="1" tests="3" name="Test" time="18.228" errors="0" timestamp="2020-09-13T17:35:11 IST">
  <testcase classname="com.assignment.test.endToEndScenarios.EndToEndTestCase" name="testPhase1" time="14.157"/>
  <testcase classname="com.assignment.test.endToEndScenarios.EndToEndTestCase" name="testPhase2" time="1.703"/>
  <testcase classname="com.assignment.test.endToEndScenarios.EndToEndTestCase" name="testPhase3" time="0.399">
    <failure type="org.apache.poi.ss.formula.FormulaParseException" message="Specified named range &amp;apos;Fal&amp;apos; does not exist in the current workbook.">
      <![CDATA[org.apache.poi.ss.formula.FormulaParseException: Specified named range 'Fal' does not exist in the current workbook.
at org.apache.poi.ss.formula.FormulaParser.parseNonRange(FormulaParser.java:906)
at org.apache.poi.ss.formula.FormulaParser.parseRangeable(FormulaParser.java:582)
at org.apache.poi.ss.formula.FormulaParser.parseRangeExpression(FormulaParser.java:321)
at org.apache.poi.ss.formula.FormulaParser.parseSimpleFactor(FormulaParser.java:1536)
at org.apache.poi.ss.formula.FormulaParser.percentFactor(FormulaParser.java:1494)
at org.apache.poi.ss.formula.FormulaParser.powerFactor(FormulaParser.java:1481)
at org.apache.poi.ss.formula.FormulaParser.Term(FormulaParser.java:1855)
at org.apache.poi.ss.formula.FormulaParser.additiveExpression(FormulaParser.java:1983)
at org.apache.poi.ss.formula.FormulaParser.concatExpression(FormulaParser.java:1967)
at org.apache.poi.ss.formula.FormulaParser.comparisonExpression(FormulaParser.java:1924)
at org.apache.poi.ss.formula.FormulaParser.Arguments(FormulaParser.java:1467)
at org.apache.poi.ss.formula.FormulaParser.function(FormulaParser.java:1339)
at org.apache.poi.ss.formula.FormulaParser.parseNonRange(FormulaParser.java:892)
at org.apache.poi.ss.formula.FormulaParser.parseRangeable(FormulaParser.java:582)
at org.apache.poi.ss.formula.FormulaParser.parseRangeExpression(FormulaParser.java:321)
at org.apache.poi.ss.formula.FormulaParser.parseSimpleFactor(FormulaParser.java:1536)
at org.apache.poi.ss.formula.FormulaParser.percentFactor(FormulaParser.java:1494)
at org.apache.poi.ss.formula.FormulaParser.powerFactor(FormulaParser.java:1481)
at org.apache.poi.ss.formula.FormulaParser.Term(FormulaParser.java:1855)
at org.apache.poi.ss.formula.FormulaParser.additiveExpression(FormulaParser.java:1983)
at org.apache.poi.ss.formula.FormulaParser.concatExpression(FormulaParser.java:1967)
at org.apache.poi.ss.formula.FormulaParser.comparisonExpression(FormulaParser.java:1924)
at org.apache.poi.ss.formula.FormulaParser.intersectionExpression(FormulaParser.java:1897)
at org.apache.poi.ss.formula.FormulaParser.unionExpression(FormulaParser.java:1877)
at org.apache.poi.ss.formula.FormulaParser.parse(FormulaParser.java:2025)
at org.apache.poi.ss.formula.FormulaParser.parse(FormulaParser.java:170)
at org.apache.poi.xssf.usermodel.XSSFEvaluationWorkbook.getFormulaTokens(XSSFEvaluationWorkbook.java:85)
at org.apache.poi.ss.formula.WorkbookEvaluator.evaluateAny(WorkbookEvaluator.java:271)
at org.apache.poi.ss.formula.WorkbookEvaluator.evaluate(WorkbookEvaluator.java:216)
at org.apache.poi.xssf.usermodel.BaseXSSFFormulaEvaluator.evaluateFormulaCellValue(BaseXSSFFormulaEvaluator.java:56)
at org.apache.poi.ss.formula.BaseFormulaEvaluator.evaluateFormulaCell(BaseFormulaEvaluator.java:185)
at com.assignment.utils.DataIO.reEvaluateExcelFormulas(DataIO.java:216)
at com.assignment.actions.temperatureValidate.WeatherPageActions.temperatureComparatorLogic(WeatherPageActions.java:83)
at com.assignment.test.endToEndScenarios.EndToEndTestCase.testPhase3(EndToEndTestCase.java:47)
at java.base/java.util.ArrayList.forEach(ArrayList.java:1541)
... Removed 27 stack frames]]>
    </failure>
  </testcase> <!-- testPhase3 -->
</testsuite> <!-- Test -->
