<?xml version="1.0" encoding="UTF-8"?>
<!-- Generated by org.testng.reporters.JUnitXMLReporter -->
<testsuite ignored="0" hostname="LAPTOP-QUPBKNUO" failures="0" tests="3" name="Test" time="24.78" errors="0" timestamp="2020-09-13T18:06:47 IST">
  <testcase classname="com.assignment.test.endToEndScenarios.EndToEndTestCase" name="readTemperatureFromUI" time="17.51"/>
  <testcase classname="com.assignment.test.endToEndScenarios.EndToEndTestCase" name="readTemperatureFromAPI" time="1.865"/>
  <testcase classname="com.assignment.test.endToEndScenarios.EndToEndTestCase" name="temperatureComparisionUiAndApi" time="3.406"/>
</testsuite> <!-- Test -->
