<?xml version="1.0" encoding="UTF-8"?>
<testng-results ignored="0" total="3" passed="3" failed="0" skipped="0">
  <reporter-output>
  </reporter-output>
  <suite started-at="2020-09-13T18:06:22 IST" name="Suite" finished-at="2020-09-13T18:06:47 IST" duration-ms="24780">
    <groups>
    </groups>
    <test started-at="2020-09-13T18:06:22 IST" name="Test" finished-at="2020-09-13T18:06:47 IST" duration-ms="24780">
      <class name="com.assignment.test.endToEndScenarios.EndToEndTestCase">
        <test-method is-config="true" signature="tearUp()[pri:0, instance:com.assignment.test.endToEndScenarios.EndToEndTestCase@4f74980d]" started-at="2020-09-13T18:06:16 IST" name="tearUp" finished-at="2020-09-13T18:06:22 IST" duration-ms="6410" status="PASS">
          <reporter-output>
          </reporter-output>
        </test-method> <!-- tearUp -->
        <test-method is-config="true" signature="launchBrowserWithUrl()[pri:0, instance:com.assignment.test.endToEndScenarios.EndToEndTestCase@4f74980d]" started-at="2020-09-13T18:06:22 IST" name="launchBrowserWithUrl" finished-at="2020-09-13T18:06:24 IST" duration-ms="1906" status="PASS">
          <reporter-output>
          </reporter-output>
        </test-method> <!-- launchBrowserWithUrl -->
        <test-method signature="readTemperatureFromUI()[pri:1, instance:com.assignment.test.endToEndScenarios.EndToEndTestCase@4f74980d]" started-at="2020-09-13T18:06:24 IST" name="readTemperatureFromUI" finished-at="2020-09-13T18:06:42 IST" duration-ms="17510" status="PASS">
          <reporter-output>
          </reporter-output>
        </test-method> <!-- readTemperatureFromUI -->
        <test-method signature="readTemperatureFromAPI()[pri:2, instance:com.assignment.test.endToEndScenarios.EndToEndTestCase@4f74980d]" started-at="2020-09-13T18:06:42 IST" name="readTemperatureFromAPI" finished-at="2020-09-13T18:06:44 IST" duration-ms="1865" status="PASS">
          <reporter-output>
          </reporter-output>
        </test-method> <!-- readTemperatureFromAPI -->
        <test-method signature="temperatureComparisionUiAndApi()[pri:3, instance:com.assignment.test.endToEndScenarios.EndToEndTestCase@4f74980d]" started-at="2020-09-13T18:06:44 IST" name="temperatureComparisionUiAndApi" finished-at="2020-09-13T18:06:47 IST" duration-ms="3406" status="PASS">
          <reporter-output>
          </reporter-output>
        </test-method> <!-- temperatureComparisionUiAndApi -->
        <test-method is-config="true" signature="closeBrowser()[pri:0, instance:com.assignment.test.endToEndScenarios.EndToEndTestCase@4f74980d]" started-at="2020-09-13T18:06:47 IST" name="closeBrowser" finished-at="2020-09-13T18:06:47 IST" duration-ms="66" status="PASS">
          <reporter-output>
          </reporter-output>
        </test-method> <!-- closeBrowser -->
      </class> <!-- com.assignment.test.endToEndScenarios.EndToEndTestCase -->
    </test> <!-- Test -->
  </suite> <!-- Suite -->
</testng-results>
