<?xml version="1.0" encoding="UTF-8"?>
<testsuite xmlns:xsi="http://www.w3.org/2001/XMLSchema-instance" xsi:noNamespaceSchemaLocation="https://maven.apache.org/surefire/maven-surefire-plugin/xsd/surefire-test-report.xsd" name="TestSuite" time="32.05" tests="3" errors="0" skipped="0" failures="0">
  <properties>
[...]
</properties>
  <testcase name="readTemperatureFromUI" classname="com.assignment.test.endToEndScenarios.EndToEndTestCase" time="17.508"/>
  <testcase name="readTemperatureFromAPI" classname="com.assignment.test.endToEndScenarios.EndToEndTestCase" time="1.866"/>
  <testcase name="temperatureComparisionUiAndApi" classname="com.assignment.test.endToEndScenarios.EndToEndTestCase" time="3.418"/>
</testsuite>