<?xml version="1.0" encoding="UTF-8"?>
<testng-results ignored="0" total="3" passed="3" failed="0" skipped="0">
  <reporter-output>
  </reporter-output>
  <suite started-at="2020-09-13T09:57:25Z" name="Suite" finished-at="2020-09-13T09:57:47Z" duration-ms="22641">
    <groups>
    </groups>
    <test started-at="2020-09-13T09:57:25Z" name="Test" finished-at="2020-09-13T09:57:47Z" duration-ms="22641">
      <class name="com.assignment.test.endToEndScenarios.EndToEndTestCase">
        <test-method is-config="true" signature="tearUp()[pri:0, instance:com.assignment.test.endToEndScenarios.EndToEndTestCase@1f53a5dc]" started-at="2020-09-13T09:57:18Z" name="tearUp" finished-at="2020-09-13T09:57:25Z" duration-ms="6400" status="PASS">
          <reporter-output>
          </reporter-output>
        </test-method> <!-- tearUp -->
        <test-method is-config="true" signature="launchBrowserWithUrl()[pri:0, instance:com.assignment.test.endToEndScenarios.EndToEndTestCase@1f53a5dc]" started-at="2020-09-13T09:57:25Z" name="launchBrowserWithUrl" finished-at="2020-09-13T09:57:27Z" duration-ms="1803" status="PASS">
          <reporter-output>
          </reporter-output>
        </test-method> <!-- launchBrowserWithUrl -->
        <test-method signature="testPhase1()[pri:1, instance:com.assignment.test.endToEndScenarios.EndToEndTestCase@1f53a5dc]" started-at="2020-09-13T09:57:27Z" name="testPhase1" finished-at="2020-09-13T09:57:42Z" duration-ms="15725" status="PASS">
          <reporter-output>
          </reporter-output>
        </test-method> <!-- testPhase1 -->
        <test-method signature="testPhase2()[pri:2, instance:com.assignment.test.endToEndScenarios.EndToEndTestCase@1f53a5dc]" started-at="2020-09-13T09:57:42Z" name="testPhase2" finished-at="2020-09-13T09:57:44Z" duration-ms="1681" status="PASS">
          <reporter-output>
          </reporter-output>
        </test-method> <!-- testPhase2 -->
        <test-method signature="testPhase3()[pri:3, instance:com.assignment.test.endToEndScenarios.EndToEndTestCase@1f53a5dc]" started-at="2020-09-13T09:57:44Z" name="testPhase3" finished-at="2020-09-13T09:57:47Z" duration-ms="3409" status="PASS">
          <reporter-output>
          </reporter-output>
        </test-method> <!-- testPhase3 -->
      </class> <!-- com.assignment.test.endToEndScenarios.EndToEndTestCase -->
    </test> <!-- Test -->
  </suite> <!-- Suite -->
</testng-results>
