<?xml version="1.0" encoding="UTF-8"?>
<testng-results ignored="0" total="1" passed="1" failed="0" skipped="0">
  <reporter-output>
  </reporter-output>
  <suite started-at="2020-09-12T08:37:52Z" name="Default suite" finished-at="2020-09-12T08:37:58Z" duration-ms="6633">
    <groups>
    </groups>
    <test started-at="2020-09-12T08:37:52Z" name="Default test" finished-at="2020-09-12T08:37:58Z" duration-ms="6633">
      <class name="com.assignment.test.endToEndScenarios.EndToEndTestCase">
        <test-method is-config="true" signature="tearUp()[pri:0, instance:com.assignment.test.endToEndScenarios.EndToEndTestCase@7e5c856f]" started-at="2020-09-12T08:37:45Z" name="tearUp" finished-at="2020-09-12T08:37:52Z" duration-ms="7183" status="PASS">
          <reporter-output>
          </reporter-output>
        </test-method> <!-- tearUp -->
        <test-method is-config="true" signature="launchBrowserWithUrl()[pri:0, instance:com.assignment.test.endToEndScenarios.EndToEndTestCase@7e5c856f]" started-at="2020-09-12T08:37:52Z" name="launchBrowserWithUrl" finished-at="2020-09-12T08:37:55Z" duration-ms="2865" status="PASS">
          <reporter-output>
          </reporter-output>
        </test-method> <!-- launchBrowserWithUrl -->
        <test-method signature="testPhase1()[pri:0, instance:com.assignment.test.endToEndScenarios.EndToEndTestCase@7e5c856f]" started-at="2020-09-12T08:37:55Z" name="testPhase1" finished-at="2020-09-12T08:37:58Z" duration-ms="3750" status="PASS">
          <reporter-output>
          </reporter-output>
        </test-method> <!-- testPhase1 -->
      </class> <!-- com.assignment.test.endToEndScenarios.EndToEndTestCase -->
    </test> <!-- Default test -->
  </suite> <!-- Default suite -->
</testng-results>
